#
# There is insufficient memory for the Java Runtime Environment to continue.
# Native memory allocation (mmap) failed to map 264241152 bytes. Error detail: G1 virtual space
# Possible reasons:
#   The system is out of physical RAM or swap space
#   This process is running with CompressedOops enabled, and the Java Heap may be blocking the growth of the native heap
# Possible solutions:
#   Reduce memory load on the system
#   Increase physical memory or swap space
#   Check if swap backing store is full
#   Decrease Java heap size (-Xmx/-Xms)
#   Decrease number of Java threads
#   Decrease Java thread stack sizes (-Xss)
#   Set larger code cache with -XX:ReservedCodeCacheSize=
#   JVM is running with Zero Based Compressed Oops mode in which the Java heap is
#     placed in the first 32GB address space. The Java Heap base address is the
#     maximum limit for the native heap growth. Please use -XX:HeapBaseMinAddress
#     to set the Java Heap base and to place the Java Heap above 32GB virtual address.
# This output file may be truncated or incomplete.
#
#  Out of Memory Error (os_windows.cpp:3583), pid=24824, tid=46484
#
# JRE version: Java(TM) SE Runtime Environment (26.0+35) (build 26+35-2893)
# Java VM: Java HotSpot(TM) 64-Bit Server VM (26+35-2893, mixed mode, emulated-client, sharing, tiered, compressed oops, compressed class ptrs, g1 gc, windows-amd64)
# No core dump will be written. Minidumps are not enabled by default on client versions of Windows
#

---------------  S U M M A R Y ------------

Command Line: -XX:TieredStopAtLevel=1 com.bulkplaintshirt.core.CoreApplication

Host: AMD Ryzen 9 8940HX with Radeon Graphics        , 32 cores, 15G,  Windows 11 , 64 bit Build 26100 (10.0.26100.7920)
Time: Thu Mar 19 18:01:58 2026 India Standard Time elapsed time: 2.273679 seconds (0d 0h 0m 2s)

---------------  T H R E A D  ---------------

Current thread (0x0000028af0ea4180):  VMThread "VM Thread"          [id=46484, stack(0x000000c053400000,0x000000c053500000) (1024K)]

Stack: [0x000000c053400000,0x000000c053500000]
Native frames: (J=compiled Java code, j=interpreted, Vv=VM code, C=native code)
V  [jvm.dll+0x7d5719]  (no source info available)
V  [jvm.dll+0x7a367d]  (no source info available)
V  [jvm.dll+0x9b0aa0]  (no source info available)
V  [jvm.dll+0x9b2ef1]  (no source info available)
V  [jvm.dll+0x9b3603]  (no source info available)
V  [jvm.dll+0x30de86]  (no source info available)
V  [jvm.dll+0x7d4be5]  (no source info available)
V  [jvm.dll+0x7c7da7]  (no source info available)
V  [jvm.dll+0x4086f8]  (no source info available)
V  [jvm.dll+0x410a66]  (no source info available)
V  [jvm.dll+0x3fce04]  (no source info available)
V  [jvm.dll+0x3fd0f5]  (no source info available)
V  [jvm.dll+0x3d3a7f]  (no source info available)
V  [jvm.dll+0x3d6cec]  (no source info available)
V  [jvm.dll+0x4222fc]  (no source info available)
V  [jvm.dll+0x420c43]  (no source info available)
V  [jvm.dll+0x3d7ab7]  (no source info available)
V  [jvm.dll+0x433cc8]  (no source info available)
V  [jvm.dll+0x9b9ab1]  (no source info available)
V  [jvm.dll+0x9baa7b]  (no source info available)
V  [jvm.dll+0x9baf8c]  (no source info available)
V  [jvm.dll+0x9bb409]  (no source info available)
V  [jvm.dll+0x9bb6b3]  (no source info available)
V  [jvm.dll+0x94f4e9]  (no source info available)
V  [jvm.dll+0x7d71f8]  (no source info available)
C  [ucrtbase.dll+0x37b0]  (no source info available)
C  [KERNEL32.DLL+0x2e8d7]  (no source info available)
C  [ntdll.dll+0x8c48c]  (no source info available)

VM_Operation (0x000000c052cfca80): CollectForMetadataAllocation, mode: safepoint, requested by thread 0x0000028ad9acb7e0


---------------  P R O C E S S  ---------------

Threads class SMR info:
_java_thread_list=0x0000028af6e617b0, length=19, elements={
0x0000028ad9acb7e0, 0x0000028af0eb4d10, 0x0000028af0eb54c0, 0x0000028af0ebfa80,
0x0000028af0ec0aa0, 0x0000028af0ec1ae0, 0x0000028af0ec66a0, 0x0000028af0ec7300,
0x0000028af1c19a20, 0x0000028af1c1d660, 0x0000028af1c298c0, 0x0000028af1c2b4d0,
0x0000028af6cb9ac0, 0x0000028af6cba2c0, 0x0000028af6cbb0d0, 0x0000028af7391010,
0x0000028af73f7ab0, 0x0000028af73f8280, 0x0000028af73fe810
}

Java Threads: ( => current thread )
  0x0000028ad9acb7e0 JavaThread "main"                              [_thread_blocked, id=44916, stack(0x000000c052c00000,0x000000c052d00000) (1024K)]
  0x0000028af0eb4d10 JavaThread "Reference Handler"          daemon [_thread_blocked, id=14208, stack(0x000000c053500000,0x000000c053600000) (1024K)]
  0x0000028af0eb54c0 JavaThread "Finalizer"                  daemon [_thread_blocked, id=45864, stack(0x000000c053600000,0x000000c053700000) (1024K)]
  0x0000028af0ebfa80 JavaThread "Signal Dispatcher"          daemon [_thread_blocked, id=12512, stack(0x000000c053700000,0x000000c053800000) (1024K)]
  0x0000028af0ec0aa0 JavaThread "Attach Listener"            daemon [_thread_blocked, id=12124, stack(0x000000c053800000,0x000000c053900000) (1024K)]
  0x0000028af0ec1ae0 JavaThread "Service Thread"             daemon [_thread_blocked, id=43020, stack(0x000000c053900000,0x000000c053a00000) (1024K)]
  0x0000028af0ec66a0 JavaThread "Monitor Deflation Thread"   daemon [_thread_blocked, id=34052, stack(0x000000c053a00000,0x000000c053b00000) (1024K)]
  0x0000028af0ec7300 JavaThread "C1 CompilerThread0"         daemon [_thread_blocked, id=40104, stack(0x000000c053b00000,0x000000c053c00000) (1024K)]
  0x0000028af1c19a20 JavaThread "Notification Thread"        daemon [_thread_blocked, id=22308, stack(0x000000c053c00000,0x000000c053d00000) (1024K)]
  0x0000028af1c1d660 JavaThread "Common-Cleaner"             daemon [_thread_blocked, id=42720, stack(0x000000c053d00000,0x000000c053e00000) (1024K)]
  0x0000028af1c298c0 JavaThread "C1 CompilerThread1"         daemon [_thread_blocked, id=640, stack(0x000000c053e00000,0x000000c053f00000) (1024K)]
  0x0000028af1c2b4d0 JavaThread "C1 CompilerThread2"         daemon [_thread_blocked, id=36580, stack(0x000000c053f00000,0x000000c054000000) (1024K)]
  0x0000028af6cb9ac0 JavaThread "C1 CompilerThread3"         daemon [_thread_blocked, id=24164, stack(0x000000c054600000,0x000000c054700000) (1024K)]
  0x0000028af6cba2c0 JavaThread "C1 CompilerThread4"         daemon [_thread_blocked, id=16744, stack(0x000000c054700000,0x000000c054800000) (1024K)]
  0x0000028af6cbb0d0 JavaThread "C1 CompilerThread5"         daemon [_thread_blocked, id=45092, stack(0x000000c054800000,0x000000c054900000) (1024K)]
  0x0000028af7391010 JavaThread "mysql-cj-abandoned-connection-cleanup" daemon [_thread_blocked, id=46916, stack(0x000000c055300000,0x000000c055400000) (1024K)]
  0x0000028af73f7ab0 JavaThread "Catalina-utility-1"                [_thread_blocked, id=29780, stack(0x000000c055b00000,0x000000c055c00000) (1024K)]
  0x0000028af73f8280 JavaThread "Catalina-utility-2"                [_thread_blocked, id=13332, stack(0x000000c055c00000,0x000000c055d00000) (1024K)]
  0x0000028af73fe810 JavaThread "container-0"                       [_thread_blocked, id=20704, stack(0x000000c055d00000,0x000000c055e00000) (1024K)]
Total: 19

Other Threads:
=>0x0000028af0ea4180 VMThread "VM Thread"                           [id=46484, stack(0x000000c053400000,0x000000c053500000) (1024K)]
  0x0000028af0e8df70 WatcherThread "VM Periodic Task Thread"        [id=38868, stack(0x000000c053300000,0x000000c053400000) (1024K)]
  0x0000028adbfa9090 WorkerThread "GC Thread#0"                     [id=39196, stack(0x000000c052d00000,0x000000c052e00000) (1024K)]
  0x0000028af1e7d8c0 WorkerThread "GC Thread#1"                     [id=2448, stack(0x000000c054000000,0x000000c054100000) (1024K)]
  0x0000028af6908b40 WorkerThread "GC Thread#2"                     [id=9836, stack(0x000000c054100000,0x000000c054200000) (1024K)]
  0x0000028af6a9bb90 WorkerThread "GC Thread#3"                     [id=17644, stack(0x000000c054300000,0x000000c054400000) (1024K)]
  0x0000028af6c73a00 WorkerThread "GC Thread#4"                     [id=34512, stack(0x000000c054400000,0x000000c054500000) (1024K)]
  0x0000028af6c73e20 WorkerThread "GC Thread#5"                     [id=43776, stack(0x000000c054500000,0x000000c054600000) (1024K)]
  0x0000028af6e4bc10 WorkerThread "GC Thread#6"                     [id=38472, stack(0x000000c054900000,0x000000c054a00000) (1024K)]
  0x0000028af6e4c030 WorkerThread "GC Thread#7"                     [id=43280, stack(0x000000c054a00000,0x000000c054b00000) (1024K)]
  0x0000028af6f98eb0 WorkerThread "GC Thread#8"                     [id=45740, stack(0x000000c054200000,0x000000c054300000) (1024K)]
  0x0000028af6f992d0 WorkerThread "GC Thread#9"                     [id=2920, stack(0x000000c054b00000,0x000000c054c00000) (1024K)]
  0x0000028af6c1ce60 WorkerThread "GC Thread#10"                    [id=35496, stack(0x000000c054c00000,0x000000c054d00000) (1024K)]
  0x0000028af6c1dfa0 WorkerThread "GC Thread#11"                    [id=43988, stack(0x000000c054d00000,0x000000c054e00000) (1024K)]
  0x0000028af7258760 WorkerThread "GC Thread#12"                    [id=33252, stack(0x000000c055400000,0x000000c055500000) (1024K)]
  0x0000028af72571d0 WorkerThread "GC Thread#13"                    [id=38952, stack(0x000000c055500000,0x000000c055600000) (1024K)]
  0x0000028af7259450 WorkerThread "GC Thread#14"                    [id=41792, stack(0x000000c055600000,0x000000c055700000) (1024K)]
  0x0000028af7258bb0 WorkerThread "GC Thread#15"                    [id=44420, stack(0x000000c055700000,0x000000c055800000) (1024K)]
  0x0000028af7257620 WorkerThread "GC Thread#16"                    [id=45816, stack(0x000000c055800000,0x000000c055900000) (1024K)]
  0x0000028af7256090 WorkerThread "GC Thread#17"                    [id=10452, stack(0x000000c055900000,0x000000c055a00000) (1024K)]
  0x0000028af7259000 WorkerThread "GC Thread#18"                    [id=39660, stack(0x000000c055a00000,0x000000c055b00000) (1024K)]
  0x0000028af7257a70 WorkerThread "GC Thread#19"                    [id=46752, stack(0x000000c055e00000,0x000000c055f00000) (1024K)]
  0x0000028af7257ec0 WorkerThread "GC Thread#20"                    [id=16260, stack(0x000000c055f00000,0x000000c056000000) (1024K)]
  0x0000028adbfc1ac0 ConcurrentGCThread "G1 Main Marker"            [id=44536, stack(0x000000c052e00000,0x000000c052f00000) (1024K)]
  0x0000028adbfc2be0 WorkerThread "G1 Conc#0"                       [id=34144, stack(0x000000c052f00000,0x000000c053000000) (1024K)]
  0x0000028af6c1b030 WorkerThread "G1 Conc#1"                       [id=24596, stack(0x000000c054e00000,0x000000c054f00000) (1024K)]
  0x0000028af6c1d2b0 WorkerThread "G1 Conc#2"                       [id=42764, stack(0x000000c054f00000,0x000000c055000000) (1024K)]
  0x0000028af6c1ca10 WorkerThread "G1 Conc#3"                       [id=44240, stack(0x000000c055000000,0x000000c055100000) (1024K)]
  0x0000028af6c1abe0 WorkerThread "G1 Conc#4"                       [id=45260, stack(0x000000c055100000,0x000000c055200000) (1024K)]
  0x0000028af6c1c170 WorkerThread "G1 Conc#5"                       [id=27700, stack(0x000000c055200000,0x000000c055300000) (1024K)]
  0x0000028af0d54600 WorkerThread "G1 Refinement Workers#0"         [id=45672, stack(0x000000c053100000,0x000000c053200000) (1024K)]
  0x0000028af0d53c40 ConcurrentGCThread "G1 Refine Control"         [id=30480, stack(0x000000c053000000,0x000000c053100000) (1024K)]
  0x0000028adc00def0 ConcurrentGCThread "G1 Service"                [id=45364, stack(0x000000c053200000,0x000000c053300000) (1024K)]
Total: 33

Threads with active compile tasks:
Total: 0

VM state: at safepoint (normal execution)

VM Mutex/Monitor currently owned by a thread:  ([mutex/lock_event])
[0x00007ffb9d1fed08] Threads_lock - owner thread: 0x0000028af0ea4180
[0x00007ffb9d1fef88] Heap_lock - owner thread: 0x0000028ad9acb7e0

Heap address: 0x000000070c800000, size: 3896 MB, Compressed Oops mode: Zero based, Oop shift amount: 3

CDS archive(s) mapped at: [0x000000008c000000-0x000000008cde0000-0x000000008cde0000), size 14548992, SharedBaseAddress: 0x000000008c000000, ArchiveRelocationMode: 1.
Compressed class space mapped at: 0x000000008d000000-0x00000000cd000000, reserved size: 1073741824
UseCompressedClassPointers 1, UseCompactObjectHeaders 0
Narrow klass pointer bits 32, Max shift 3
Narrow klass base: 0x000000008c000000, Narrow klass shift: 0
Encoding Range: [0x000000008c000000 - 0x000000018c000000), (4294967296 bytes)
Klass Range:    [0x000000008c000000 - 0x00000000cd000000), (1090519040 bytes)
Klass ID Range:  [8 - 1090519033) (1090519025)
Protection zone: [0x000000008c000000 - 0x000000008c010000), (65536 bytes)

GC Precious Log:
 CardTable entry size: 512
 Card Set container configuration: InlinePtr #cards 4 size 8 Array Of Cards #cards 16 size 48 Howl #buckets 8 coarsen threshold 3686 Howl Bitmap #cards 512 size 80 coarsen threshold 460 Card regions per heap region 1 cards per card region 4096
 CPUs: 32 total, 32 available
 Memory: 15577M
 Large Page Support: Disabled
 NUMA Support: Disabled
 Compressed Oops: Enabled (Zero based)
 Heap Region Size: 2M
 Heap Min Capacity: 8M
 Heap Initial Capacity: 8M
 Heap Max Capacity: 3896M
 Pre-touch: Disabled
 Parallel Workers: 23
 Concurrent Workers: 6
 Concurrent Refinement Workers: 23
 Periodic GC: Disabled

Heap:
 garbage-first heap   total reserved 3989504K, committed 129024K, used 20720K [0x000000070c800000, 0x0000000800000000)
  region size 2M, 0 eden (0M), 1 survivor (2M), 10 old (20M), 0 humongous (0M), 52 free (104M)

Heap Regions: E=young(eden), S=young(survivor), O=old, HS=humongous(starts), HC=humongous(continues), CS=collection set, F=free, TAMS=top-at-mark-start, PB=parsable bottom
|    0|0x000000070c800000, 0x000000070ca00000, 0x000000070ca00000|100%| O|  |TAMS 0x000000070ca00000| PB 0x000000070c800000| Untracked |  0
|    1|0x000000070ca00000, 0x000000070cc00000, 0x000000070cc00000|100%| O|  |TAMS 0x000000070cc00000| PB 0x000000070ca00000| Untracked |  0
|    2|0x000000070cc00000, 0x000000070ce00000, 0x000000070ce00000|100%| O|  |TAMS 0x000000070ce00000| PB 0x000000070cc00000| Untracked |  0
|    3|0x000000070ce00000, 0x000000070d000000, 0x000000070d000000|100%| O|  |TAMS 0x000000070d000000| PB 0x000000070ce00000| Untracked |  0
|    4|0x000000070d000000, 0x000000070d200000, 0x000000070d200000|100%| O|  |TAMS 0x000000070d1592b8| PB 0x000000070d000000| Untracked |  0
|    5|0x000000070d200000, 0x000000070d400000, 0x000000070d400000|100%| O|  |TAMS 0x000000070d200000| PB 0x000000070d200000| Untracked |  0
|    6|0x000000070d400000, 0x000000070d600000, 0x000000070d600000|100%| O|  |TAMS 0x000000070d400000| PB 0x000000070d400000| Untracked |  0
|    7|0x000000070d600000, 0x000000070d68d900, 0x000000070d800000| 27%| O|  |TAMS 0x000000070d600000| PB 0x000000070d600000| Untracked |  0
|    8|0x000000070d800000, 0x000000070d800000, 0x000000070da00000|  0%| F|  |TAMS 0x000000070d800000| PB 0x000000070d800000| Untracked |  0
|    9|0x000000070da00000, 0x000000070da00000, 0x000000070dc00000|  0%| F|  |TAMS 0x000000070da00000| PB 0x000000070da00000| Untracked |  0
|   10|0x000000070dc00000, 0x000000070dc00000, 0x000000070de00000|  0%| F|  |TAMS 0x000000070dc00000| PB 0x000000070dc00000| Untracked |  0
|   11|0x000000070de00000, 0x000000070de00000, 0x000000070e000000|  0%| F|  |TAMS 0x000000070de00000| PB 0x000000070de00000| Untracked |  0
|   12|0x000000070e000000, 0x000000070e000000, 0x000000070e200000|  0%| F|  |TAMS 0x000000070e000000| PB 0x000000070e000000| Untracked |  0
|   13|0x000000070e200000, 0x000000070e200000, 0x000000070e400000|  0%| F|  |TAMS 0x000000070e200000| PB 0x000000070e200000| Untracked |  0
|   14|0x000000070e400000, 0x000000070e400000, 0x000000070e600000|  0%| F|  |TAMS 0x000000070e400000| PB 0x000000070e400000| Untracked |  0
|   15|0x000000070e600000, 0x000000070e600000, 0x000000070e800000|  0%| F|  |TAMS 0x000000070e600000| PB 0x000000070e600000| Untracked |  0
|   16|0x000000070e800000, 0x000000070e800000, 0x000000070ea00000|  0%| F|  |TAMS 0x000000070e800000| PB 0x000000070e800000| Untracked |  0
|   17|0x000000070ea00000, 0x000000070ea00000, 0x000000070ec00000|  0%| F|  |TAMS 0x000000070ea00000| PB 0x000000070ea00000| Untracked |  0
|   18|0x000000070ec00000, 0x000000070ec00000, 0x000000070ee00000|  0%| F|  |TAMS 0x000000070ec00000| PB 0x000000070ec00000| Untracked |  0
|   19|0x000000070ee00000, 0x000000070ee00000, 0x000000070f000000|  0%| F|  |TAMS 0x000000070ee00000| PB 0x000000070ee00000| Untracked |  0
|   20|0x000000070f000000, 0x000000070f000000, 0x000000070f200000|  0%| F|  |TAMS 0x000000070f000000| PB 0x000000070f000000| Untracked |  0
|   21|0x000000070f200000, 0x000000070f200000, 0x000000070f400000|  0%| F|  |TAMS 0x000000070f200000| PB 0x000000070f200000| Untracked |  0
|   22|0x000000070f400000, 0x000000070f400000, 0x000000070f600000|  0%| F|  |TAMS 0x000000070f400000| PB 0x000000070f400000| Untracked |  0
|   23|0x000000070f600000, 0x000000070f600000, 0x000000070f800000|  0%| F|  |TAMS 0x000000070f600000| PB 0x000000070f600000| Untracked |  0
|   24|0x000000070f800000, 0x000000070f800000, 0x000000070fa00000|  0%| F|  |TAMS 0x000000070f800000| PB 0x000000070f800000| Untracked |  0
|   25|0x000000070fa00000, 0x000000070fa00000, 0x000000070fc00000|  0%| F|  |TAMS 0x000000070fa00000| PB 0x000000070fa00000| Untracked |  0
|   26|0x000000070fc00000, 0x000000070fc00000, 0x000000070fe00000|  0%| F|  |TAMS 0x000000070fc00000| PB 0x000000070fc00000| Untracked |  0
|   27|0x000000070fe00000, 0x000000070fe00000, 0x0000000710000000|  0%| F|  |TAMS 0x000000070fe00000| PB 0x000000070fe00000| Untracked |  0
|   28|0x0000000710000000, 0x0000000710000000, 0x0000000710200000|  0%| F|  |TAMS 0x0000000710000000| PB 0x0000000710000000| Untracked |  0
|   29|0x0000000710200000, 0x0000000710200000, 0x0000000710400000|  0%| F|  |TAMS 0x0000000710200000| PB 0x0000000710200000| Untracked |  0
|   30|0x0000000710400000, 0x0000000710400000, 0x0000000710600000|  0%| F|  |TAMS 0x0000000710400000| PB 0x0000000710400000| Untracked |  0
|   31|0x0000000710600000, 0x0000000710600000, 0x0000000710800000|  0%| F|  |TAMS 0x0000000710600000| PB 0x0000000710600000| Untracked |  0
|   32|0x0000000710800000, 0x0000000710800000, 0x0000000710a00000|  0%| F|  |TAMS 0x0000000710800000| PB 0x0000000710800000| Untracked |  0
|   33|0x0000000710a00000, 0x0000000710a00000, 0x0000000710c00000|  0%| F|  |TAMS 0x0000000710a00000| PB 0x0000000710a00000| Untracked |  0
|   34|0x0000000710c00000, 0x0000000710c00000, 0x0000000710e00000|  0%| F|  |TAMS 0x0000000710c00000| PB 0x0000000710c00000| Untracked |  0
|   35|0x0000000710e00000, 0x0000000710e00000, 0x0000000711000000|  0%| F|  |TAMS 0x0000000710e00000| PB 0x0000000710e00000| Untracked |  0
|   36|0x0000000711000000, 0x0000000711000000, 0x0000000711200000|  0%| F|  |TAMS 0x0000000711000000| PB 0x0000000711000000| Untracked |  0
|   37|0x0000000711200000, 0x0000000711200000, 0x0000000711400000|  0%| F|  |TAMS 0x0000000711200000| PB 0x0000000711200000| Untracked |  0
|   38|0x0000000711400000, 0x0000000711400000, 0x0000000711600000|  0%| F|  |TAMS 0x0000000711400000| PB 0x0000000711400000| Untracked |  0
|   39|0x0000000711600000, 0x0000000711600000, 0x0000000711800000|  0%| F|  |TAMS 0x0000000711600000| PB 0x0000000711600000| Untracked |  0
|   40|0x0000000711800000, 0x0000000711800000, 0x0000000711a00000|  0%| F|  |TAMS 0x0000000711800000| PB 0x0000000711800000| Untracked |  0
|   41|0x0000000711a00000, 0x0000000711a00000, 0x0000000711c00000|  0%| F|  |TAMS 0x0000000711a00000| PB 0x0000000711a00000| Untracked |  0
|   42|0x0000000711c00000, 0x0000000711c00000, 0x0000000711e00000|  0%| F|  |TAMS 0x0000000711c00000| PB 0x0000000711c00000| Untracked |  0
|   43|0x0000000711e00000, 0x0000000711e00000, 0x0000000712000000|  0%| F|  |TAMS 0x0000000711e00000| PB 0x0000000711e00000| Untracked |  0
|   44|0x0000000712000000, 0x0000000712000000, 0x0000000712200000|  0%| F|  |TAMS 0x0000000712000000| PB 0x0000000712000000| Untracked |  0
|   45|0x0000000712200000, 0x0000000712200000, 0x0000000712400000|  0%| F|  |TAMS 0x0000000712200000| PB 0x0000000712200000| Untracked |  0
|   46|0x0000000712400000, 0x0000000712400000, 0x0000000712600000|  0%| F|  |TAMS 0x0000000712400000| PB 0x0000000712400000| Untracked |  0
|   47|0x0000000712600000, 0x0000000712600000, 0x0000000712800000|  0%| F|  |TAMS 0x0000000712600000| PB 0x0000000712600000| Untracked |  0
|   48|0x0000000712800000, 0x0000000712800000, 0x0000000712a00000|  0%| F|  |TAMS 0x0000000712800000| PB 0x0000000712800000| Untracked |  0
|   49|0x0000000712a00000, 0x0000000712a00000, 0x0000000712c00000|  0%| F|  |TAMS 0x0000000712a00000| PB 0x0000000712a00000| Untracked |  0
|   50|0x0000000712c00000, 0x0000000712c00000, 0x0000000712e00000|  0%| F|  |TAMS 0x0000000712c00000| PB 0x0000000712c00000| Untracked |  0
|   51|0x0000000712e00000, 0x0000000712e00000, 0x0000000713000000|  0%| F|  |TAMS 0x0000000712e00000| PB 0x0000000712e00000| Untracked |  0
|   52|0x0000000713000000, 0x0000000713000000, 0x0000000713200000|  0%| F|  |TAMS 0x0000000713000000| PB 0x0000000713000000| Untracked |  0
|   53|0x0000000713200000, 0x0000000713200000, 0x0000000713400000|  0%| F|  |TAMS 0x0000000713200000| PB 0x0000000713200000| Untracked |  0
|   54|0x0000000713400000, 0x0000000713400000, 0x0000000713600000|  0%| F|  |TAMS 0x0000000713400000| PB 0x0000000713400000| Untracked |  0
|   55|0x0000000713600000, 0x0000000713600000, 0x0000000713800000|  0%| F|  |TAMS 0x0000000713600000| PB 0x0000000713600000| Untracked |  0
|   56|0x0000000713800000, 0x0000000713800000, 0x0000000713a00000|  0%| F|  |TAMS 0x0000000713800000| PB 0x0000000713800000| Untracked |  0
|   57|0x0000000713a00000, 0x0000000713a00000, 0x0000000713c00000|  0%| F|  |TAMS 0x0000000713a00000| PB 0x0000000713a00000| Untracked |  0
|   58|0x0000000713c00000, 0x0000000713c00000, 0x0000000713e00000|  0%| F|  |TAMS 0x0000000713c00000| PB 0x0000000713c00000| Untracked |  0
|   59|0x0000000713e00000, 0x0000000713fae708, 0x0000000714000000| 84%| S|CS|TAMS 0x0000000713e00000| PB 0x0000000713e00000| Complete  |  0
| 1945|0x00000007ffa00000, 0x00000007ffc00000, 0x00000007ffc00000|100%| O|  |TAMS 0x00000007ffc00000| PB 0x00000007ffa00000| Untracked |  0
| 1946|0x00000007ffc00000, 0x00000007ffe00000, 0x00000007ffe00000|100%| O|  |TAMS 0x00000007ffe00000| PB 0x00000007ffc00000| Untracked |  0
| 1947|0x00000007ffe00000, 0x00000007ffe00000, 0x0000000800000000|  0%| F|  |TAMS 0x00000007ffe00000| PB 0x00000007ffe00000| Untracked |  0

Card table byte_map: [0x0000028ae9c30000,0x0000028aea3d0000] _byte_map_base: 0x0000028ae63cc000
Refinement table byte_map: [0x0000028ae9490000,0x0000028ae9c30000] _byte_map_base: 0x0000028ae5c2c000

Marking Bits: (CMBitMap*) 0x0000028adbfa9610
 Bits: [0x0000028aea3d0000, 0x0000028aee0b0000)

Polling page: 0x0000028ada010000

Metaspace:
Metaspace        used 31439K, committed 31808K, reserved 1114112K
 class space     used 4542K, committed 4736K, reserved 1048576K

Usage:
  Non-class:     26.27 MB used.
      Class:      4.44 MB used.
       Both:     30.70 MB used.

Virtual space:
  Non-class space:       64.00 MB reserved,      26.44 MB ( 41%) committed,  1 nodes.
      Class space:        1.00 GB reserved,       4.62 MB ( <1%) committed,  1 nodes.
             Both:        1.06 GB reserved,      31.06 MB (  3%) committed. 

Chunk freelists:
   Non-Class:  5.00 MB
       Class:  11.34 MB
        Both:  16.34 MB

MaxMetaspaceSize: unlimited
CompressedClassSpaceSize: 1.00 GB
Initial GC threshold: 21.00 MB
Current GC threshold: 31.06 MB
CDS: on
 - commit_granule_bytes: 65536.
 - commit_granule_words: 8192.
 - virtual_space_node_default_size: 8388608.
 - enlarge_chunks_in_place: 1.
UseCompressedClassPointers 1, UseCompactObjectHeaders 0
Narrow klass pointer bits 32, Max shift 3
Narrow klass base: 0x000000008c000000, Narrow klass shift: 0
Encoding Range: [0x000000008c000000 - 0x000000018c000000), (4294967296 bytes)
Klass Range:    [0x000000008c000000 - 0x00000000cd000000), (1090519040 bytes)
Klass ID Range:  [8 - 1090519033) (1090519025)
Protection zone: [0x000000008c000000 - 0x000000008c010000), (65536 bytes)


Internal statistics:

num_allocs_failed_limit: 6.
num_arena_births: 426.
num_arena_deaths: 0.
num_vsnodes_births: 2.
num_vsnodes_deaths: 0.
num_space_committed: 497.
num_space_uncommitted: 0.
num_chunks_returned_to_freelist: 6.
num_chunks_taken_from_freelist: 1576.
num_chunk_merges: 6.
num_chunk_splits: 1113.
num_chunks_enlarged: 886.
num_inconsistent_stats: 0.

CodeCache: size=49152Kb used=8770Kb max_used=8770Kb free=40381Kb
 bounds [0x0000028ae4bf0000, 0x0000028ae5490000, 0x0000028ae7bf0000]
 total_blobs=4694, nmethods=4140, adapters=474, full_count=0
Compilation: enabled, stopped_count=0, restarted_count=0

Compilation events (20 events):
Event: 1.081 Thread 0x0000028af6cba2c0 4129       1       java.lang.invoke.ClassSpecializer::classDesc (73 bytes)
Event: 1.081 Thread 0x0000028af6cbb0d0 4130       1       java.lang.invoke.LambdaForm$BasicType::basicTypeWrapper (5 bytes)
Event: 1.081 Thread 0x0000028af6cbb0d0 nmethod 4130 0x0000028ae547df88 code [0x0000028ae547e080, 0x0000028ae547e138]
Event: 1.081 Thread 0x0000028af6cba2c0 nmethod 4129 0x0000028ae547e588 code [0x0000028ae547e680, 0x0000028ae547ea38]
Event: 1.093 Thread 0x0000028af6cba2c0 4133       1       java.util.ArrayList::<init> (65 bytes)
Event: 1.093 Thread 0x0000028af0ec7300 4134       1       java.util.Spliterators$1Adapter::hasNext (23 bytes)
Event: 1.093 Thread 0x0000028af6cba2c0 nmethod 4133 0x0000028ae547ed88 code [0x0000028ae547ee80, 0x0000028ae547f190]
Event: 1.093 Thread 0x0000028af0ec7300 nmethod 4134 0x0000028ae547f208 code [0x0000028ae547f300, 0x0000028ae547f410]
Event: 1.121 Thread 0x0000028af0ec7300 4135       1       java.util.concurrent.ConcurrentHashMap::<init> (9 bytes)
Event: 1.121 Thread 0x0000028af0ec7300 nmethod 4135 0x0000028ae547f508 code [0x0000028ae547f620, 0x0000028ae547f708]
Event: 1.123 Thread 0x0000028af6cba2c0 4136       1       java.lang.Object::<init> (1 bytes)
Event: 1.123 Thread 0x0000028af6cba2c0 nmethod 4136 0x0000028ae547f808 code [0x0000028ae547f900, 0x0000028ae547f9c8]
Event: 1.124 Thread 0x0000028af1c298c0 4138       1       java.util.Collections$EmptyEnumeration::hasMoreElements (2 bytes)
Event: 1.124 Thread 0x0000028af6cbb0d0 4137       1       jdk.internal.loader.ClassLoaders::bootLoader (4 bytes)
Event: 1.124 Thread 0x0000028af1c298c0 nmethod 4138 0x0000028ae547fb08 code [0x0000028ae547fc00, 0x0000028ae547fcb8]
Event: 1.124 Thread 0x0000028af6cbb0d0 nmethod 4137 0x0000028ae547fe08 code [0x0000028ae547ff00, 0x0000028ae547ffa0]
Event: 1.134 Thread 0x0000028af1c298c0 4139       1       jdk.internal.loader.URLClassPath$1::next (55 bytes)
Event: 1.134 Thread 0x0000028af1c298c0 nmethod 4139 0x0000028ae5480108 code [0x0000028ae5480200, 0x0000028ae5480428]
Event: 1.154 Thread 0x0000028af6cba2c0 4140       1       java.lang.reflect.AccessibleObject::slowVerifyAccess (67 bytes)
Event: 1.155 Thread 0x0000028af6cba2c0 nmethod 4140 0x0000028ae5480488 code [0x0000028ae5480580, 0x0000028ae5480938]

GC Heap Usage History (20 events):
Event: 0.059 {heap After GC invocations=1 (full 0):
 garbage-first heap   total reserved 3989504K, committed 10240K, used 4360K [0x000000070c800000, 0x0000000800000000)
  region size 2M, 0 eden (0M), 1 survivor (2M), 2 old (4M), 0 humongous (0M), 2 free (4M)
}
Event: 0.078 {heap Before GC invocations=1 (full 0):
 garbage-first heap   total reserved 3989504K, committed 10240K, used 4360K [0x000000070c800000, 0x0000000800000000)
  region size 2M, 1 eden (2M), 1 survivor (2M), 2 old (4M), 0 humongous (0M), 1 free (2M)
}
Event: 0.079 {heap After GC invocations=2 (full 0):
 garbage-first heap   total reserved 3989504K, committed 12288K, used 5760K [0x000000070c800000, 0x0000000800000000)
  region size 2M, 0 eden (0M), 1 survivor (2M), 3 old (6M), 0 humongous (0M), 2 free (4M)
}
Event: 0.105 {heap Before GC invocations=2 (full 0):
 garbage-first heap   total reserved 3989504K, committed 12288K, used 7808K [0x000000070c800000, 0x0000000800000000)
  region size 2M, 1 eden (2M), 1 survivor (2M), 3 old (6M), 0 humongous (0M), 1 free (2M)
}
Event: 0.107 {heap After GC invocations=3 (full 0):
 garbage-first heap   total reserved 3989504K, committed 43008K, used 6564K [0x000000070c800000, 0x0000000800000000)
  region size 2M, 0 eden (0M), 1 survivor (2M), 4 old (8M), 0 humongous (0M), 16 free (32M)
}
Event: 0.235 {heap Before GC invocations=3 (full 0):
 garbage-first heap   total reserved 3989504K, committed 43008K, used 18852K [0x000000070c800000, 0x0000000800000000)
  region size 2M, 7 eden (14M), 1 survivor (2M), 4 old (8M), 0 humongous (0M), 9 free (18M)
}
Event: 0.237 {heap After GC invocations=4 (full 0):
 garbage-first heap   total reserved 3989504K, committed 43008K, used 7653K [0x000000070c800000, 0x0000000800000000)
  region size 2M, 0 eden (0M), 1 survivor (2M), 4 old (8M), 0 humongous (0M), 16 free (32M)
}
Event: 0.317 {heap Before GC invocations=4 (full 0):
 garbage-first heap   total reserved 3989504K, committed 43008K, used 21989K [0x000000070c800000, 0x0000000800000000)
  region size 2M, 7 eden (14M), 1 survivor (2M), 4 old (8M), 0 humongous (0M), 9 free (18M)
}
Event: 0.318 {heap After GC invocations=5 (full 0):
 garbage-first heap   total reserved 3989504K, committed 43008K, used 8727K [0x000000070c800000, 0x0000000800000000)
  region size 2M, 0 eden (0M), 1 survivor (2M), 5 old (10M), 0 humongous (0M), 15 free (30M)
}
Event: 0.386 {heap Before GC invocations=5 (full 0):
 garbage-first heap   total reserved 3989504K, committed 43008K, used 25111K [0x000000070c800000, 0x0000000800000000)
  region size 2M, 8 eden (16M), 1 survivor (2M), 5 old (10M), 0 humongous (0M), 7 free (14M)
}
Event: 0.388 {heap After GC invocations=6 (full 0):
 garbage-first heap   total reserved 3989504K, committed 43008K, used 9839K [0x000000070c800000, 0x0000000800000000)
  region size 2M, 0 eden (0M), 2 survivor (4M), 5 old (10M), 0 humongous (0M), 14 free (28M)
}
Event: 0.448 {heap Before GC invocations=6 (full 0):
 garbage-first heap   total reserved 3989504K, committed 43008K, used 28271K [0x000000070c800000, 0x0000000800000000)
  region size 2M, 9 eden (18M), 2 survivor (4M), 5 old (10M), 0 humongous (0M), 5 free (10M)
}
Event: 0.450 {heap After GC invocations=7 (full 0):
 garbage-first heap   total reserved 3989504K, committed 129024K, used 11782K [0x000000070c800000, 0x0000000800000000)
  region size 2M, 0 eden (0M), 2 survivor (4M), 5 old (10M), 0 humongous (0M), 56 free (112M)
}
Event: 0.522 {heap Before GC invocations=7 (full 0):
 garbage-first heap   total reserved 3989504K, committed 129024K, used 26118K [0x000000070c800000, 0x0000000800000000)
  region size 2M, 8 eden (16M), 2 survivor (4M), 5 old (10M), 0 humongous (0M), 48 free (96M)
}
Event: 0.525 {heap After GC invocations=8 (full 0):
 garbage-first heap   total reserved 3989504K, committed 129024K, used 14286K [0x000000070c800000, 0x0000000800000000)
  region size 2M, 0 eden (0M), 4 survivor (8M), 5 old (10M), 0 humongous (0M), 54 free (108M)
}
Event: 1.012 {heap Before GC invocations=9 (full 0):
 garbage-first heap   total reserved 3989504K, committed 129024K, used 81870K [0x000000070c800000, 0x0000000800000000)
  region size 2M, 33 eden (66M), 4 survivor (8M), 5 old (10M), 0 humongous (0M), 21 free (42M)
}
Event: 1.019 {heap After GC invocations=10 (full 0):
 garbage-first heap   total reserved 3989504K, committed 129024K, used 19895K [0x000000070c800000, 0x0000000800000000)
  region size 2M, 0 eden (0M), 5 survivor (10M), 6 old (12M), 0 humongous (0M), 52 free (104M)
}
Event: 1.144 {heap Before GC invocations=10 (full 0):
 garbage-first heap   total reserved 3989504K, committed 129024K, used 30135K [0x000000070c800000, 0x0000000800000000)
  region size 2M, 7 eden (14M), 5 survivor (10M), 6 old (12M), 0 humongous (0M), 45 free (90M)
}
Event: 1.148 {heap After GC invocations=11 (full 0):
 garbage-first heap   total reserved 3989504K, committed 129024K, used 20202K [0x000000070c800000, 0x0000000800000000)
  region size 2M, 0 eden (0M), 4 survivor (8M), 7 old (14M), 0 humongous (0M), 52 free (104M)
}
Event: 1.162 {heap Before GC invocations=11 (full 0):
 garbage-first heap   total reserved 3989504K, committed 129024K, used 20202K [0x000000070c800000, 0x0000000800000000)
  region size 2M, 1 eden (2M), 4 survivor (8M), 7 old (14M), 0 humongous (0M), 51 free (102M)
}

Metaspace Usage History (20 events):
Event: 0.059 {metaspace After GC invocations=1 (full 0):
 Metaspace       used 245K, committed 384K, reserved 1114112K
  class space    used 9K, committed 128K, reserved 1048576K
}
Event: 0.078 {metaspace Before GC invocations=1 (full 0):
 Metaspace       used 674K, committed 768K, reserved 1114112K
  class space    used 52K, committed 128K, reserved 1048576K
}
Event: 0.079 {metaspace After GC invocations=2 (full 0):
 Metaspace       used 674K, committed 768K, reserved 1114112K
  class space    used 52K, committed 128K, reserved 1048576K
}
Event: 0.105 {metaspace Before GC invocations=2 (full 0):
 Metaspace       used 1313K, committed 1472K, reserved 1114112K
  class space    used 139K, committed 192K, reserved 1048576K
}
Event: 0.107 {metaspace After GC invocations=3 (full 0):
 Metaspace       used 1313K, committed 1472K, reserved 1114112K
  class space    used 139K, committed 192K, reserved 1048576K
}
Event: 0.235 {metaspace Before GC invocations=3 (full 0):
 Metaspace       used 5335K, committed 5504K, reserved 1114112K
  class space    used 733K, committed 832K, reserved 1048576K
}
Event: 0.237 {metaspace After GC invocations=4 (full 0):
 Metaspace       used 5335K, committed 5504K, reserved 1114112K
  class space    used 733K, committed 832K, reserved 1048576K
}
Event: 0.317 {metaspace Before GC invocations=4 (full 0):
 Metaspace       used 8929K, committed 9152K, reserved 1114112K
  class space    used 1271K, committed 1408K, reserved 1048576K
}
Event: 0.318 {metaspace After GC invocations=5 (full 0):
 Metaspace       used 8929K, committed 9152K, reserved 1114112K
  class space    used 1271K, committed 1408K, reserved 1048576K
}
Event: 0.386 {metaspace Before GC invocations=5 (full 0):
 Metaspace       used 13213K, committed 13376K, reserved 1114112K
  class space    used 1906K, committed 1984K, reserved 1048576K
}
Event: 0.388 {metaspace After GC invocations=6 (full 0):
 Metaspace       used 13213K, committed 13376K, reserved 1114112K
  class space    used 1906K, committed 1984K, reserved 1048576K
}
Event: 0.448 {metaspace Before GC invocations=6 (full 0):
 Metaspace       used 16976K, committed 17088K, reserved 1114112K
  class space    used 2388K, committed 2432K, reserved 1048576K
}
Event: 0.450 {metaspace After GC invocations=7 (full 0):
 Metaspace       used 16976K, committed 17088K, reserved 1114112K
  class space    used 2388K, committed 2432K, reserved 1048576K
}
Event: 0.522 {metaspace Before GC invocations=7 (full 0):
 Metaspace       used 18679K, committed 18816K, reserved 1114112K
  class space    used 2636K, committed 2688K, reserved 1048576K
}
Event: 0.525 {metaspace After GC invocations=8 (full 0):
 Metaspace       used 18679K, committed 18816K, reserved 1114112K
  class space    used 2636K, committed 2688K, reserved 1048576K
}
Event: 1.012 {metaspace Before GC invocations=9 (full 0):
 Metaspace       used 28526K, committed 28864K, reserved 1114112K
  class space    used 4116K, committed 4224K, reserved 1048576K
}
Event: 1.019 {metaspace After GC invocations=10 (full 0):
 Metaspace       used 28526K, committed 28864K, reserved 1114112K
  class space    used 4116K, committed 4224K, reserved 1048576K
}
Event: 1.144 {metaspace Before GC invocations=10 (full 0):
 Metaspace       used 31135K, committed 31488K, reserved 1114112K
  class space    used 4495K, committed 4672K, reserved 1048576K
}
Event: 1.148 {metaspace After GC invocations=11 (full 0):
 Metaspace       used 31135K, committed 31488K, reserved 1114112K
  class space    used 4495K, committed 4672K, reserved 1048576K
}
Event: 1.162 {metaspace Before GC invocations=11 (full 0):
 Metaspace       used 31439K, committed 31808K, reserved 1114112K
  class space    used 4542K, committed 4736K, reserved 1048576K
}

Dll operation events (16 events):
Event: 0.005 Attempting to load shared library C:\Program Files\Java\jdk-26\bin\java.dll
Event: 0.006 Loaded shared library C:\Program Files\Java\jdk-26\bin\java.dll
Event: 0.034 Attempting to load shared library C:\Program Files\Java\jdk-26\bin\net.dll
Event: 0.034 Loaded shared library C:\Program Files\Java\jdk-26\bin\net.dll
Event: 0.035 Attempting to load shared library C:\Program Files\Java\jdk-26\bin\nio.dll
Event: 0.035 Loaded shared library C:\Program Files\Java\jdk-26\bin\nio.dll
Event: 0.037 Attempting to load shared library C:\Program Files\Java\jdk-26\bin\zip.dll
Event: 0.037 Loaded shared library C:\Program Files\Java\jdk-26\bin\zip.dll
Event: 0.080 Attempting to load shared library C:\Program Files\Java\jdk-26\bin\jimage.dll
Event: 0.080 Loaded shared library C:\Program Files\Java\jdk-26\bin\jimage.dll
Event: 0.477 Attempting to load shared library C:\Program Files\Java\jdk-26\bin\sunmscapi.dll
Event: 0.479 Loaded shared library C:\Program Files\Java\jdk-26\bin\sunmscapi.dll
Event: 0.953 Attempting to load shared library C:\Program Files\Java\jdk-26\bin\management.dll
Event: 0.953 Loaded shared library C:\Program Files\Java\jdk-26\bin\management.dll
Event: 0.955 Attempting to load shared library C:\Program Files\Java\jdk-26\bin\management_ext.dll
Event: 0.955 Loaded shared library C:\Program Files\Java\jdk-26\bin\management_ext.dll

Deoptimization events (6 events):
Event: 0.686 Thread 0x0000028ad9acb7e0 DEOPT PACKING pc=0x0000028ae4f96e34 sp=0x000000c052cfd0b0
Event: 0.686 Thread 0x0000028ad9acb7e0 DEOPT UNPACKING pc=0x0000028ae4c415a2 sp=0x000000c052cfc5a8 mode 0
Event: 1.044 Thread 0x0000028af73f7ab0 DEOPT PACKING pc=0x0000028ae502be61 sp=0x000000c055bff2c0
Event: 1.044 Thread 0x0000028af73f7ab0 DEOPT UNPACKING pc=0x0000028ae4c415a2 sp=0x000000c055bfe718 mode 3
Event: 1.044 Thread 0x0000028af73f8280 DEOPT PACKING pc=0x0000028ae50359e6 sp=0x000000c055cfed90
Event: 1.044 Thread 0x0000028af73f8280 DEOPT UNPACKING pc=0x0000028ae4c415a2 sp=0x000000c055cfe220 mode 3

Classes loaded (20 events):
Event: 1.042 Loading class java/util/concurrent/ScheduledThreadPoolExecutor$ScheduledFutureTask
Event: 1.042 Loading class java/util/concurrent/ScheduledThreadPoolExecutor$ScheduledFutureTask done
Event: 1.042 Loading class java/util/concurrent/Executors$RunnableAdapter
Event: 1.042 Loading class java/util/concurrent/Executors$RunnableAdapter done
Event: 1.044 Loading class java/util/concurrent/locks/AbstractQueuedSynchronizer$ExclusiveNode
Event: 1.044 Loading class java/util/concurrent/locks/AbstractQueuedSynchronizer$Node
Event: 1.044 Loading class java/util/concurrent/locks/AbstractQueuedSynchronizer$Node done
Event: 1.044 Loading class java/util/concurrent/locks/AbstractQueuedSynchronizer$ExclusiveNode done
Event: 1.044 Loading class java/util/concurrent/locks/AbstractQueuedSynchronizer$ConditionNode
Event: 1.044 Loading class java/util/concurrent/locks/AbstractQueuedSynchronizer$ConditionNode done
Event: 1.045 Loading class jdk/internal/event/ThreadSleepEvent
Event: 1.045 Loading class jdk/internal/event/ThreadSleepEvent done
Event: 1.049 Loading class java/lang/invoke/BoundMethodHandle$Species_LLLLLL
Event: 1.049 Loading class java/lang/invoke/BoundMethodHandle$Species_LLLLLL done
Event: 1.058 Loading class javax/naming/Referenceable
Event: 1.058 Loading class javax/naming/Referenceable done
Event: 1.069 Loading class java/lang/instrument/ClassFileTransformer
Event: 1.069 Loading class java/lang/instrument/ClassFileTransformer done
Event: 1.080 Loading class java/lang/invoke/BoundMethodHandle$Species_LLLLLLL
Event: 1.080 Loading class java/lang/invoke/BoundMethodHandle$Species_LLLLLLL done

Classes unloaded (0 events):
No events

Classes redefined (0 events):
No events

Internal exceptions (20 events):
Event: 0.781 Thread 0x0000028ad9acb7e0 Exception <a 'java/lang/NoSuchMethodError'{0x0000000711226bf8}: 'java.lang.Object java.lang.invoke.DirectMethodHandle$Holder.invokeSpecialIFC(java.lang.Object, java.lang.Object, java.lang.Object)'> (0x0000000711226bf8) 
thrown [s\open\src\hotspot\share\interpreter\linkResolver.cpp, line 804]
Event: 0.784 Thread 0x0000028ad9acb7e0 Exception <a 'java/lang/NoSuchMethodError'{0x0000000711288230}: 'java.lang.Object java.lang.invoke.DirectMethodHandle$Holder.invokeVirtual(java.lang.Object, java.lang.Object, java.lang.Object, java.lang.Object, java.lang.Object)'> (0x0000000711288230) 
thrown [s\open\src\hotspot\share\interpreter\linkResolver.cpp, line 804]
Event: 0.817 Thread 0x0000028ad9acb7e0 Exception <a 'java/lang/NoSuchMethodError'{0x0000000710e7edb0}: 'java.lang.Object java.lang.invoke.DirectMethodHandle$Holder.invokeVirtual(java.lang.Object, java.lang.Object, java.lang.Object, java.lang.Object, java.lang.Object, java.lang.Object)'> (0x0000000710e7edb0) 
thrown [s\open\src\hotspot\share\interpreter\linkResolver.cpp, line 804]
Event: 0.827 Thread 0x0000028ad9acb7e0 Exception <a 'java/lang/NoSuchMethodError'{0x0000000710c3f330}: 'void java.lang.invoke.DirectMethodHandle$Holder.invokeInterface(java.lang.Object, java.lang.Object, int)'> (0x0000000710c3f330) 
thrown [s\open\src\hotspot\share\interpreter\linkResolver.cpp, line 804]
Event: 0.829 Thread 0x0000028ad9acb7e0 Exception <a 'java/lang/IncompatibleClassChangeError'{0x0000000710d037b0}: Found class java.lang.Object, but interface was expected> (0x0000000710d037b0) 
thrown [s\open\src\hotspot\share\interpreter\linkResolver.cpp, line 871]
Event: 0.829 Thread 0x0000028ad9acb7e0 Exception <a 'java/lang/NoSuchMethodError'{0x0000000710d2b3d0}: 'int java.lang.invoke.DirectMethodHandle$Holder.invokeSpecialIFC(java.lang.Object, java.lang.Object, java.lang.Object)'> (0x0000000710d2b3d0) 
thrown [s\open\src\hotspot\share\interpreter\linkResolver.cpp, line 804]
Event: 0.829 Thread 0x0000028ad9acb7e0 Exception <a 'java/lang/NoSuchMethodError'{0x0000000710d4c0c0}: 'void java.lang.invoke.DirectMethodHandle$Holder.invokeStatic(java.lang.Object, int, java.lang.Object)'> (0x0000000710d4c0c0) 
thrown [s\open\src\hotspot\share\interpreter\linkResolver.cpp, line 804]
Event: 0.832 Thread 0x0000028ad9acb7e0 Exception <a 'java/lang/NoSuchMethodError'{0x0000000710dd5760}: 'void java.lang.invoke.DirectMethodHandle$Holder.invokeStatic(java.lang.Object, java.lang.Object, java.lang.Object, int, java.lang.Object)'> (0x0000000710dd5760) 
thrown [s\open\src\hotspot\share\interpreter\linkResolver.cpp, line 804]
Event: 0.871 Thread 0x0000028ad9acb7e0 Exception <a 'java/lang/NoSuchMethodError'{0x000000071049b088}: 'java.lang.Object java.lang.invoke.DirectMethodHandle$Holder.invokeStaticInit(java.lang.Object, int, int, int, int)'> (0x000000071049b088) 
thrown [s\open\src\hotspot\share\interpreter\linkResolver.cpp, line 804]
Event: 0.884 Thread 0x0000028ad9acb7e0 Exception <a 'java/lang/NoSuchMethodError'{0x0000000710503c60}: 'java.lang.Object java.lang.invoke.DirectMethodHandle$Holder.invokeStaticInit(java.lang.Object, java.lang.Object, int, int, int, int)'> (0x0000000710503c60) 
thrown [s\open\src\hotspot\share\interpreter\linkResolver.cpp, line 804]
Event: 0.928 Thread 0x0000028ad9acb7e0 Exception <a 'java/lang/NoSuchMethodError'{0x0000000710039b00}: 'int java.lang.invoke.DirectMethodHandle$Holder.invokeVirtual(java.lang.Object, java.lang.Object, java.lang.Object, java.lang.Object)'> (0x0000000710039b00) 
thrown [s\open\src\hotspot\share\interpreter\linkResolver.cpp, line 804]
Event: 0.962 Thread 0x0000028ad9acb7e0 Exception <a 'java/io/FileNotFoundException'{0x000000070fe1de10}> (0x000000070fe1de10) 
thrown [s\open\src\hotspot\share\prims\jni.cpp, line 514]
Event: 0.974 Thread 0x0000028ad9acb7e0 Exception <a 'java/lang/NoSuchMethodError'{0x000000070ff7f300}: 'int java.lang.invoke.DirectMethodHandle$Holder.invokeInterface(java.lang.Object, java.lang.Object, java.lang.Object, java.lang.Object)'> (0x000000070ff7f300) 
thrown [s\open\src\hotspot\share\interpreter\linkResolver.cpp, line 804]
Event: 0.984 Thread 0x0000028ad9acb7e0 Exception <a 'java/lang/NoSuchMethodError'{0x000000070fcf6b78}: 'void java.lang.invoke.Invokers$Holder.invokeExact_MT(java.lang.Object, java.lang.Object, java.lang.Object, java.lang.Object)'> (0x000000070fcf6b78) 
thrown [s\open\src\hotspot\share\interpreter\linkResolver.cpp, line 804]
Event: 1.011 Thread 0x0000028ad9acb7e0 Exception <a 'java/lang/IncompatibleClassChangeError'{0x000000070f6fe570}: Found class java.lang.Object, but interface was expected> (0x000000070f6fe570) 
thrown [s\open\src\hotspot\share\interpreter\linkResolver.cpp, line 871]
Event: 1.038 Thread 0x0000028ad9acb7e0 Exception <a 'java/lang/NoSuchMethodError'{0x0000000713c585b0}: 'long java.lang.invoke.DirectMethodHandle$Holder.invokeVirtual(java.lang.Object, java.lang.Object)'> (0x0000000713c585b0) 
thrown [s\open\src\hotspot\share\interpreter\linkResolver.cpp, line 804]
Event: 1.049 Thread 0x0000028ad9acb7e0 Exception <a 'java/lang/NoSuchMethodError'{0x0000000713a501b8}: 'java.lang.Object java.lang.invoke.DirectMethodHandle$Holder.newInvokeSpecial(java.lang.Object, java.lang.Object, java.lang.Object, java.lang.Object, java.lang.Object, java.lang.Object, java.lang.Object, java.lang.Object, java.lang.Object, java.lang.Object, java.lang.Object)'> (0x0000000713a501b8) 
thrown [s\open\src\hotspot\share\interpreter\linkResolver.cpp, line 804]
Event: 1.050 Thread 0x0000028ad9acb7e0 Exception <a 'java/lang/NoSuchMethodError'{0x0000000713a923f0}: 'java.lang.Object java.lang.invoke.DirectMethodHandle$Holder.invokeStatic(java.lang.Object, java.lang.Object, java.lang.Object, java.lang.Object, java.lang.Object, java.lang.Object, java.lang.Object, java.lang.Object, java.lang.Object)'> (0x0000000713a923f0) 
thrown [s\open\src\hotspot\share\interpreter\linkResolver.cpp, line 804]
Event: 1.080 Thread 0x0000028ad9acb7e0 Exception <a 'java/lang/NoSuchMethodError'{0x00000007139fb128}: 'void java.lang.invoke.DelegatingMethodHandle$Holder.reinvoke_L(java.lang.Object, java.lang.Object, java.lang.Object, java.lang.Object, int, java.lang.Object, java.lang.Object, java.lang.Object)'> (0x00000007139fb128) 
thrown [s\open\src\hotspot\share\interpreter\linkResolver.cpp, line 804]
Event: 1.081 Thread 0x0000028ad9acb7e0 Exception <a 'java/lang/NoSuchMethodError'{0x0000000713672690}: 'java.lang.Object java.lang.invoke.DirectMethodHandle$Holder.invokeStatic(java.lang.Object, java.lang.Object, java.lang.Object, java.lang.Object, java.lang.Object, java.lang.Object, java.lang.Object, java.lang.Object, java.lang.Object, java.lang.Object)'> (0x0000000713672690) 
thrown [s\open\src\hotspot\share\interpreter\linkResolver.cpp, line 804]

VM Operations (20 events):
Event: 0.945 Executing non-safepoint VM operation: HandshakeAllThreads (Deoptimize) done
Event: 0.960 Executing non-safepoint VM operation: HandshakeAllThreads (Deoptimize)
Event: 0.960 Executing non-safepoint VM operation: HandshakeAllThreads (Deoptimize) done
Event: 1.012 Executing safepoint VM operation: G1CollectForAllocation (G1 Evacuation Pause)
Event: 1.019 Executing safepoint VM operation: G1CollectForAllocation (G1 Evacuation Pause) done
Event: 1.026 Executing non-safepoint VM operation: HandshakeAllThreads (Deoptimize)
Event: 1.026 Executing non-safepoint VM operation: HandshakeAllThreads (Deoptimize) done
Event: 1.026 Executing non-safepoint VM operation: HandshakeAllThreads (Deoptimize)
Event: 1.026 Executing non-safepoint VM operation: HandshakeAllThreads (Deoptimize) done
Event: 1.041 Executing non-safepoint VM operation: HandshakeAllThreads (Deoptimize)
Event: 1.041 Executing non-safepoint VM operation: HandshakeAllThreads (Deoptimize) done
Event: 1.047 Executing non-safepoint VM operation: HandshakeAllThreads (Deoptimize)
Event: 1.047 Executing non-safepoint VM operation: HandshakeAllThreads (Deoptimize) done
Event: 1.109 Executing non-safepoint VM operation: HandshakeAllThreads (Deoptimize)
Event: 1.109 Executing non-safepoint VM operation: HandshakeAllThreads (Deoptimize) done
Event: 1.110 Executing non-safepoint VM operation: HandshakeAllThreads (Deoptimize)
Event: 1.110 Executing non-safepoint VM operation: HandshakeAllThreads (Deoptimize) done
Event: 1.144 Executing safepoint VM operation: CollectForMetadataAllocation (Metadata GC Threshold)
Event: 1.148 Executing safepoint VM operation: CollectForMetadataAllocation (Metadata GC Threshold) done
Event: 1.162 Executing safepoint VM operation: CollectForMetadataAllocation (Metadata GC Threshold)

Memory protections (0 events):
No events

Nmethod flushes (0 events):
No events

Events (20 events):
Event: 0.017 Thread 0x0000028ad9acb7e0 Thread added: 0x0000028af0ebfa80
Event: 0.017 Thread 0x0000028ad9acb7e0 Thread added: 0x0000028af0ec0aa0
Event: 0.017 Thread 0x0000028ad9acb7e0 Thread added: 0x0000028af0ec1ae0
Event: 0.017 Thread 0x0000028ad9acb7e0 Thread added: 0x0000028af0ec66a0
Event: 0.017 Thread 0x0000028ad9acb7e0 Thread added: 0x0000028af0ec7300
Event: 0.031 Thread 0x0000028ad9acb7e0 Thread added: 0x0000028af1c19a20
Event: 0.032 Thread 0x0000028ad9acb7e0 Thread added: 0x0000028af1c1d660
Event: 0.036 Thread 0x0000028af0ec7300 Thread added: 0x0000028af1c298c0
Event: 0.036 Thread 0x0000028af0ec7300 Thread added: 0x0000028af1c2b4d0
Event: 0.283 Thread 0x0000028ad9acb7e0 Thread added: 0x0000028af698ec10
Event: 0.399 Thread 0x0000028af0ec7300 Thread added: 0x0000028af6cb9ac0
Event: 0.399 Thread 0x0000028af0ec7300 Thread added: 0x0000028af6cba2c0
Event: 0.399 Thread 0x0000028af0ec7300 Thread added: 0x0000028af6cbb0d0
Event: 0.425 Thread 0x0000028ad9acb7e0 Thread added: 0x0000028af6da09c0
Event: 0.432 Thread 0x0000028af6da09c0 Thread exited: 0x0000028af6da09c0
Event: 0.482 Thread 0x0000028af698ec10 Thread exited: 0x0000028af698ec10
Event: 0.994 Thread 0x0000028ad9acb7e0 Thread added: 0x0000028af7391010
Event: 1.043 Thread 0x0000028ad9acb7e0 Thread added: 0x0000028af73f7ab0
Event: 1.044 Thread 0x0000028ad9acb7e0 Thread added: 0x0000028af73f8280
Event: 1.045 Thread 0x0000028ad9acb7e0 Thread added: 0x0000028af73fe810


Dynamic libraries:
0x00007ff737f90000 - 0x00007ff737fa0000 	C:\Program Files\Java\jdk-26\bin\java.exe
0x00007ffc85ee0000 - 0x00007ffc86147000 	C:\WINDOWS\SYSTEM32\ntdll.dll
0x00007ffc85430000 - 0x00007ffc854f9000 	C:\WINDOWS\System32\KERNEL32.DLL
0x00007ffc829b0000 - 0x00007ffc82da1000 	C:\WINDOWS\System32\KERNELBASE.dll
0x00007ffc82f20000 - 0x00007ffc8306b000 	C:\WINDOWS\System32\ucrtbase.dll
0x00007ffc6a5c0000 - 0x00007ffc6a5d7000 	C:\Program Files\Java\jdk-26\bin\jli.dll
0x00007ffc6a5e0000 - 0x00007ffc6a5fe000 	C:\Program Files\Java\jdk-26\bin\VCRUNTIME140.dll
0x00007ffc83e50000 - 0x00007ffc84015000 	C:\WINDOWS\System32\USER32.dll
0x00007ffc82980000 - 0x00007ffc829a7000 	C:\WINDOWS\System32\win32u.dll
0x00007ffc84120000 - 0x00007ffc8414b000 	C:\WINDOWS\System32\GDI32.dll
0x00007ffc61ae0000 - 0x00007ffc61d73000 	C:\WINDOWS\WinSxS\amd64_microsoft.windows.common-controls_6595b64144ccf1df_6.0.26100.8037_none_3e092faae333b53b\COMCTL32.dll
0x00007ffc827c0000 - 0x00007ffc828eb000 	C:\WINDOWS\System32\gdi32full.dll
0x00007ffc84b50000 - 0x00007ffc84bf9000 	C:\WINDOWS\System32\msvcrt.dll
0x00007ffc83120000 - 0x00007ffc831c3000 	C:\WINDOWS\System32\msvcp_win.dll
0x00007ffc859b0000 - 0x00007ffc859e1000 	C:\WINDOWS\System32\IMM32.DLL
0x00007ffc79540000 - 0x00007ffc7954c000 	C:\Program Files\Java\jdk-26\bin\vcruntime140_1.dll
0x00007ffc3bfa0000 - 0x00007ffc3c02d000 	C:\Program Files\Java\jdk-26\bin\msvcp140.dll
0x00007ffb9c420000 - 0x00007ffb9d2ee000 	C:\Program Files\Java\jdk-26\bin\server\jvm.dll
0x00007ffc85370000 - 0x00007ffc8542b000 	C:\WINDOWS\System32\ADVAPI32.dll
0x00007ffc845e0000 - 0x00007ffc84687000 	C:\WINDOWS\System32\sechost.dll
0x00007ffc85b50000 - 0x00007ffc85c68000 	C:\WINDOWS\System32\RPCRT4.dll
0x00007ffc847e0000 - 0x00007ffc84854000 	C:\WINDOWS\System32\WS2_32.dll
0x00007ffc813a0000 - 0x00007ffc813fe000 	C:\WINDOWS\SYSTEM32\POWRPROF.dll
0x00007ffc7a8b0000 - 0x00007ffc7a8bb000 	C:\WINDOWS\SYSTEM32\VERSION.dll
0x00007ffc75400000 - 0x00007ffc75435000 	C:\WINDOWS\SYSTEM32\WINMM.dll
0x00007ffc81380000 - 0x00007ffc81394000 	C:\WINDOWS\SYSTEM32\UMPDC.dll
0x00007ffc81670000 - 0x00007ffc8168b000 	C:\WINDOWS\SYSTEM32\kernel.appcore.dll
0x00007ffc6f2b0000 - 0x00007ffc6f2ba000 	C:\Program Files\Java\jdk-26\bin\jimage.dll
0x00007ffc802a0000 - 0x00007ffc804e2000 	C:\WINDOWS\SYSTEM32\DBGHELP.DLL
0x00007ffc85500000 - 0x00007ffc85882000 	C:\WINDOWS\System32\combase.dll
0x00007ffc84700000 - 0x00007ffc847d7000 	C:\WINDOWS\System32\OLEAUT32.dll
0x00007ffc56870000 - 0x00007ffc568ab000 	C:\WINDOWS\SYSTEM32\dbgcore.DLL
0x00007ffc83070000 - 0x00007ffc83115000 	C:\WINDOWS\System32\bcryptPrimitives.dll
0x00007ffc4d450000 - 0x00007ffc4d46f000 	C:\Program Files\Java\jdk-26\bin\java.dll
0x00007ffc85ca0000 - 0x00007ffc85e35000 	C:\WINDOWS\System32\ole32.dll
0x00007ffc84c00000 - 0x00007ffc8535f000 	C:\WINDOWS\System32\SHELL32.dll
0x00007ffc82db0000 - 0x00007ffc82f1a000 	C:\WINDOWS\System32\wintypes.dll
0x00007ffc83410000 - 0x00007ffc83c74000 	C:\WINDOWS\System32\windows.storage.dll
0x00007ffc83d50000 - 0x00007ffc83e47000 	C:\WINDOWS\System32\SHCORE.dll
0x00007ffc84ae0000 - 0x00007ffc84b47000 	C:\WINDOWS\System32\shlwapi.dll
0x00007ffc826e0000 - 0x00007ffc82709000 	C:\WINDOWS\SYSTEM32\profapi.dll
0x00007ffc4d320000 - 0x00007ffc4d332000 	C:\Program Files\Java\jdk-26\bin\net.dll
0x00007ffc81be0000 - 0x00007ffc81c4b000 	C:\WINDOWS\system32\mswsock.dll
0x00007ffc4d300000 - 0x00007ffc4d316000 	C:\Program Files\Java\jdk-26\bin\nio.dll
0x00007ffc4d110000 - 0x00007ffc4d127000 	C:\Program Files\Java\jdk-26\bin\zip.dll
0x00007ffc53400000 - 0x00007ffc5340e000 	C:\Program Files\Java\jdk-26\bin\sunmscapi.dll
0x00007ffc83290000 - 0x00007ffc83407000 	C:\WINDOWS\System32\CRYPT32.dll
0x00007ffc820e0000 - 0x00007ffc82110000 	C:\WINDOWS\SYSTEM32\ncrypt.dll
0x00007ffc82090000 - 0x00007ffc820cf000 	C:\WINDOWS\SYSTEM32\NTASN1.dll
0x00007ffc81ec0000 - 0x00007ffc81edb000 	C:\WINDOWS\SYSTEM32\CRYPTSP.dll
0x00007ffc815d0000 - 0x00007ffc81609000 	C:\WINDOWS\system32\rsaenh.dll
0x00007ffc81c90000 - 0x00007ffc81cc2000 	C:\WINDOWS\SYSTEM32\USERENV.dll
0x00007ffc826b0000 - 0x00007ffc826da000 	C:\WINDOWS\SYSTEM32\bcrypt.dll
0x00007ffc824d0000 - 0x00007ffc824da000 	C:\WINDOWS\SYSTEM32\DPAPI.dll
0x00007ffc81ee0000 - 0x00007ffc81eec000 	C:\WINDOWS\SYSTEM32\CRYPTBASE.dll
0x00007ffc81000000 - 0x00007ffc81033000 	C:\WINDOWS\SYSTEM32\IPHLPAPI.DLL
0x00007ffc83c80000 - 0x00007ffc83c8a000 	C:\WINDOWS\System32\NSI.dll
0x00007ffc53280000 - 0x00007ffc5328a000 	C:\Program Files\Java\jdk-26\bin\management.dll
0x00007ffc50910000 - 0x00007ffc5091c000 	C:\Program Files\Java\jdk-26\bin\management_ext.dll
0x00007ffc84860000 - 0x00007ffc84868000 	C:\WINDOWS\System32\PSAPI.DLL

JVMTI agents: none

dbghelp: loaded successfully - version: 4.0.5 - missing functions: none
symbol engine: initialized successfully - sym options: 0x614 - pdb path: .;C:\Program Files\Java\jdk-26\bin;C:\WINDOWS\SYSTEM32;C:\WINDOWS\WinSxS\amd64_microsoft.windows.common-controls_6595b64144ccf1df_6.0.26100.8037_none_3e092faae333b53b;C:\Program Files\Java\jdk-26\bin\server

VM Arguments:
jvm_args: -XX:TieredStopAtLevel=1 
java_command: com.bulkplaintshirt.core.CoreApplication
java_class_path (initial): C:\Users\omvas\Documents\trae_projects\BulkPlainTShirt\backend\core-service\target\classes;C:\Users\omvas\.m2\repository\org\aspectj\aspectjweaver\1.9.21\aspectjweaver-1.9.21.jar;C:\Users\omvas\.m2\repository\com\zaxxer\HikariCP\5.0.1\HikariCP-5.0.1.jar;C:\Users\omvas\.m2\repository\org\springframework\spring-jdbc\6.1.4\spring-jdbc-6.1.4.jar;C:\Users\omvas\.m2\repository\org\hibernate\orm\hibernate-core\6.4.4.Final\hibernate-core-6.4.4.Final.jar;C:\Users\omvas\.m2\repository\jakarta\persistence\jakarta.persistence-api\3.1.0\jakarta.persistence-api-3.1.0.jar;C:\Users\omvas\.m2\repository\jakarta\transaction\jakarta.transaction-api\2.0.1\jakarta.transaction-api-2.0.1.jar;C:\Users\omvas\.m2\repository\org\jboss\logging\jboss-logging\3.5.3.Final\jboss-logging-3.5.3.Final.jar;C:\Users\omvas\.m2\repository\org\hibernate\common\hibernate-commons-annotations\6.0.6.Final\hibernate-commons-annotations-6.0.6.Final.jar;C:\Users\omvas\.m2\repository\io\smallrye\jandex\3.1.2\jandex-3.1.2.jar;C:\Users\omvas\.m2\repository\com\fasterxml\classmate\1.6.0\classmate-1.6.0.jar;C:\Users\omvas\.m2\repository\net\bytebuddy\byte-buddy\1.14.12\byte-buddy-1.14.12.jar;C:\Users\omvas\.m2\repository\org\glassfish\jaxb\jaxb-runtime\4.0.4\jaxb-runtime-4.0.4.jar;C:\Users\omvas\.m2\repository\org\glassfish\jaxb\jaxb-core\4.0.4\jaxb-core-4.0.4.jar;C:\Users\omvas\.m2\repository\org\glassfish\jaxb\txw2\4.0.4\txw2-4.0.4.jar;C:\Users\omvas\.m2\repository\com\sun\istack\istack-commons-runtime\4.1.2\istack-commons-runtime-4.1.2.jar;C:\Users\omvas\.m2\repository\jakarta\inject\jakarta.inject-api\2.0.1\jakarta.inject-api-2.0.1.jar;C:\Users\omvas\.m2\repository\org\antlr\antlr4-runtime\4.13.0\antlr4-runtime-4.13.0.jar;C:\Users\omvas\.m2\repository\org\springframework\data\spring-data-jpa\3.2.3\spring-data-jpa-3.2.3.jar;C:\Users\omvas\.m2\repository\org\springframework\data\spring-data-commons\3.2.3\spring-data-commons-3.2.3.jar;C:\Users\omvas\.m2\repository\org\springframework\spring-orm\6.1.4\spring-orm-6.1.4.jar;C:\Users\omvas\.m2\repository\org\springframework\spring-context\6.1.4\spring-context-6.1.4.jar;C:\Users\omvas\.m2\repository\org\springframework\spring-tx\6.1.4\spring-tx-6.1.4.jar;C:\Users\omvas\.m2\repository\org\springframework\spring-beans\6.1.4\spring-beans-6.1.4.jar;C:\Users\omvas\.m2\repository\jakarta\annotation\jakarta.annotation-api\2.1.1\jakarta.annotation-api-2.1.1.jar;C:\Users\omvas\.m2\repository\org\slf4j\slf4j-api\2.0.12\slf4j-api-2.0.12.jar;C:\Users\omvas\.m2\repository\org\springframework\spring-aspects\6.1.4\spring-aspects-6.1.4.jar;C:\Users\omvas\.m2\repository\org\springframework\boot\spring-boot\3.2.3\spring-boot-3.2.3.jar;C:\Users\omvas\.m2\repository\org\springframework\boot\spring-boot-autoconfigure\3.2.3\spring-boot-autoconfigure-3.2.3.jar;C:\Users\omvas\.m2\repository\ch\qos\logback\logback-classic\1.4.14\logback-classic-1.4.14.jar;C:\Users\omvas\.m2\repository\ch\qos\logback\logback-core\1.4.14\logback-core-1.4.14.jar;C:\Users\omvas\.m2\repository\org\apache\logging\log4j\log4j-to-slf4j\2.21.1\log4j-to-slf4j-2.21.1.jar;C:\Users\omvas\.m2\repository\org\apache\logging\log4j\log4j-api\2.21.1\log4j-api-2.21.1.jar;C:\Users\omvas\.m2\repository\org\slf4j\jul-to-slf4j\2.0.12\jul-to-slf4j-2.0.12.jar;C:\Users\omvas\.m2\repository\org\yaml\snakeyaml\2.2\snakeyaml-2.2.jar;C:\Users\omvas\.m2\repository\org\springframework\spring-aop\6.1.4\spring-aop-6.1.4.jar;C:\Users\omvas\.m2\repository\org\springframework\security\spring-security-config\6.2.2\spring-security-config-6.2.2.jar;C:\Users\omvas\.m2\repository\org\springframework\security\spring-security-core\6.2.2\spring-security-core-6.2.2.jar;C:\Users\omvas\.m2\repository\org\springframework\security\spring-security-crypto\6.2.2\spring-security-crypto-6.2.2.jar;C:\Users\omvas\.m2\repository\org\springframework\security\spring-security-web\6.2.2\spring-security-web-6.2.2.jar;C:\Users\omvas\.m2\repository\org\springframework\spring-expression\6.1.4\spring-expression-6.1.4.jar;C:\Users\omvas\.m2\repository\com\fasterxml\jackson\datatype\jackson-datatype-jdk8\2.15.4\jackson-datatype-jdk8-2.15.4.jar;C:\Users\omvas\.m2\repository\com\fasterxml\jackson\datatype\jackson-datatype-jsr310\2.15.4\jackson-datatype-jsr310-2.15.4.jar;C:\Users\omvas\.m2\repository\com\fasterxml\jackson\module\jackson-module-parameter-names\2.15.4\jackson-module-parameter-names-2.15.4.jar;C:\Users\omvas\.m2\repository\org\apache\tomcat\embed\tomcat-embed-core\10.1.19\tomcat-embed-core-10.1.19.jar;C:\Users\omvas\.m2\repository\org\apache\tomcat\embed\tomcat-embed-websocket\10.1.19\tomcat-embed-websocket-10.1.19.jar;C:\Users\omvas\.m2\repository\org\springframework\spring-web\6.1.4\spring-web-6.1.4.jar;C:\Users\omvas\.m2\repository\io\micrometer\micrometer-observation\1.12.3\micrometer-observation-1.12.3.jar;C:\Users\omvas\.m2\repository\io\micrometer\micrometer-commons\1.12.3\micrometer-commons-1.12.3.jar;C:\Users\omvas\.m2\repository\org\springframework\spring-webmvc\6.1.4\spring-webmvc-6.1.4.jar;C:\Users\omvas\.m2\repository\org\apache\tomcat\embed\tomcat-embed-el\10.1.19\tomcat-embed-el-10.1.19.jar;C:\Users\omvas\.m2\repository\org\hibernate\validator\hibernate-validator\8.0.1.Final\hibernate-validator-8.0.1.Final.jar;C:\Users\omvas\.m2\repository\jakarta\validation\jakarta.validation-api\3.0.2\jakarta.validation-api-3.0.2.jar;C:\Users\omvas\.m2\repository\org\springframework\spring-context-support\6.1.4\spring-context-support-6.1.4.jar;C:\Users\omvas\.m2\repository\org\eclipse\angus\jakarta.mail\2.0.2\jakarta.mail-2.0.2.jar;C:\Users\omvas\.m2\repository\jakarta\activation\jakarta.activation-api\2.1.2\jakarta.activation-api-2.1.2.jar;C:\Users\omvas\.m2\repository\org\eclipse\angus\angus-activation\2.0.1\angus-activation-2.0.1.jar;C:\Users\omvas\.m2\repository\com\mysql\mysql-connector-j\8.3.0\mysql-connector-j-8.3.0.jar;C:\Users\omvas\.m2\repository\jakarta\xml\bind\jakarta.xml.bind-api\4.0.1\jakarta.xml.bind-api-4.0.1.jar;C:\Users\omvas\.m2\repository\org\springframework\spring-core\6.1.4\spring-core-6.1.4.jar;C:\Users\omvas\.m2\repository\org\springframework\spring-jcl\6.1.4\spring-jcl-6.1.4.jar;C:\Users\omvas\.m2\repository\io\jsonwebtoken\jjwt-api\0.12.5\jjwt-api-0.12.5.jar;C:\Users\omvas\.m2\repository\io\jsonwebtoken\jjwt-impl\0.12.5\jjwt-impl-0.12.5.jar;C:\Users\omvas\.m2\repository\io\jsonwebtoken\jjwt-jackson\0.12.5\jjwt-jackson-0.12.5.jar;C:\Users\omvas\.m2\repository\com\fasterxml\jackson\core\jackson-databind\2.15.4\jackson-databind-2.15.4.jar;C:\Users\omvas\.m2\repository\com\fasterxml\jackson\core\jackson-annotations\2.15.4\jackson-annotations-2.15.4.jar;C:\Users\omvas\.m2\repository\com\fasterxml\jackson\core\jackson-core\2.15.4\jackson-core-2.15.4.jar
Launcher Type: SUN_STANDARD

[Global flags]
     bool AOTAdapterCaching                        = false                                  {diagnostic} {ergonomic}
     bool AOTInvokeDynamicLinking                  = false                                  {diagnostic} {ergonomic}
     bool AOTRecordTraining                        = false                                  {diagnostic} {ergonomic}
     bool AOTReplayTraining                        = false                                  {diagnostic} {ergonomic}
     bool AOTStubCaching                           = false                                  {diagnostic} {ergonomic}
     intx CICompilerCount                          = 8                                         {product} {ergonomic}
     uint ConcGCThreads                            = 6                                         {product} {ergonomic}
     uint G1ConcRefinementThreads                  = 23                                        {product} {ergonomic}
     uint G1EagerReclaimRemSetThreshold            = 16                                   {experimental} {ergonomic}
   size_t G1HeapRegionSize                         = 2097152                                   {product} {ergonomic}
     uint G1RemSetArrayOfCardsEntries              = 16                                   {experimental} {ergonomic}
     uint G1RemSetHowlMaxNumBuckets                = 8                                    {experimental} {ergonomic}
     uint G1RemSetHowlNumBuckets                   = 8                                    {experimental} {ergonomic}
   size_t InitialHeapSize                          = 8388608                                   {product} {ergonomic}
     bool IntelJccErratumMitigation                = false                             {ARCH diagnostic} {ergonomic}
   size_t MarkStackSize                            = 4194304                                   {product} {ergonomic}
   size_t MarkStackSizeMax                         = 536870912                                 {product} {ergonomic}
   size_t MaxHeapSize                              = 4085252096                                {product} {ergonomic}
   size_t MaxNewSize                               = 2449473536                                {product} {ergonomic}
 uint64_t MaxRAM                                   = 16334499840                               {product} {ergonomic}
   size_t MinHeapDeltaBytes                        = 2097152                                   {product} {ergonomic}
   size_t MinHeapSize                              = 8388608                                   {product} {ergonomic}
   size_t NonNMethodCodeHeapSize                   = 4096                                   {pd product} {ergonomic}
   size_t NonProfiledCodeHeapSize                  = 0                                      {pd product} {ergonomic}
     bool ProfileInterpreter                       = false                                  {pd product} {command line}
   size_t ProfiledCodeHeapSize                     = 0                                      {pd product} {ergonomic}
   size_t SoftMaxHeapSize                          = 4085252096                             {manageable} {ergonomic}
     intx TieredStopAtLevel                        = 1                                         {product} {command line}
     bool UseCompressedOops                        = true                           {product lp64_product} {ergonomic}
     bool UseCondCardMark                          = true                                      {product} {ergonomic}
     bool UseFastUnorderedTimeStamps               = true                                 {experimental} {ergonomic}
     bool UseG1GC                                  = true                                      {product} {ergonomic}
     bool UseLargePagesIndividualAllocation        = false                                  {pd product} {ergonomic}
      int X86ICacheSync                            = 3                                 {ARCH diagnostic} {ergonomic}

Logging:
Log output configuration:
 #0: stdout all=warning uptime,level,tags foldmultilines=false
 #1: stderr all=off uptime,level,tags foldmultilines=false

Release file:
IMPLEMENTOR="Oracle Corporation" 
JAVA_RUNTIME_VERSION="26+35-2893" 
JAVA_VERSION="26" 
JAVA_VERSION_DATE="2026-03-17" 
LIBC="default" 
MODULES="java.base java.compiler java.datatransfer java.xml java.prefs java.desktop java.instrument java.logging java.management java.security.sasl java.naming java.rmi java.management.rmi java.net.http java.scripting java.security.jgss java.transaction.xa java.sql java.sql.rowset java.xml.crypto java.se java.smartcardio jdk.accessibility jdk.internal.jvmstat jdk.attach jdk.charsets jdk.internal.opt jdk.zipfs jdk.compiler jdk.crypto.cryptoki jdk.crypto.ec jdk.crypto.mscapi jdk.dynalink jdk.internal.ed jdk.editpad jdk.internal.vm.ci jdk.graal.compiler jdk.graal.compiler.management jdk.hotspot.agent jdk.httpserver jdk.incubator.vector jdk.internal.le jdk.internal.md jdk.jartool jdk.javadoc jdk.jcmd jdk.management jdk.management.agent jdk.jconsole jdk.jdeps jdk.jdwp.agent jdk.jdi jdk.jfr jdk.jlink jdk.jpackage jdk.jshell jdk.jstatd jdk.localedata jdk.management.jfr jdk.naming.dns jdk.naming.rmi jdk.net jdk.nio.mapmode jdk.sctp jdk.security.auth jdk.security.jgss jdk.unsupported jdk.unsupported.desktop jdk.xml.dom" 
OS_ARCH="x86_64" 
OS_NAME="Windows" 
SOURCE=".:git:1327d96f3b3c open:git:4408cd2a07a1" 

Environment Variables:
JAVA_HOME=C:\Program Files\Java\jdk-26
PATH=C:\Program Files\Java\jdk-26\bin;C:\Users\omvas\Documents\trae_projects\BulkPlainTShirt\frontend\apache-maven-3.9.6\bin;C:\WINDOWS\system32;C:\WINDOWS;C:\WINDOWS\System32\Wbem;C:\WINDOWS\System32\WindowsPowerShell\v1.0\;C:\WINDOWS\System32\OpenSSH\;C:\Program Files (x86)\NVIDIA Corporation\PhysX\Common;C:\Program Files\NVIDIA Corporation\NVIDIA App\NvDLISR;C:\Program Files\dotnet\;C:\Users\omvas\AppData\Local\Microsoft\WindowsApps;C:\Users\omvas\AppData\Local\Programs\Microsoft VS Code\bin
USERNAME=omvas
LANG=en_US.UTF-8
OS=Windows_NT
PROCESSOR_IDENTIFIER=AMD64 Family 25 Model 97 Stepping 2, AuthenticAMD
TMP=C:\Users\omvas\AppData\Local\Temp
TEMP=C:\Users\omvas\AppData\Local\Temp




Compilation memory statistics disabled.

Periodic native trim disabled

---------------  S Y S T E M  ---------------

OS:
 Windows 11 , 64 bit Build 26100 (10.0.26100.7920)
OS uptime: 0 days 6:07 hours
Hyper-V role detected

CPU: total 32 (initial active 32) (16 cores per cpu, 2 threads per core) family 25 model 97 stepping 2 microcode 0xa60120c, cx8, cmov, fxsr, ht, mmx, 3dnowpref, sse, sse2, sse3, ssse3, sse4a, sse4.1, sse4.2, popcnt, lzcnt, tsc, tscinvbit, avx, avx2, aes, erms, clmul, bmi1, bmi2, adx, avx512f, avx512dq, avx512cd, avx512bw, avx512vl, sha, fma, vzeroupper, avx512_vpopcntdq, avx512_vpclmulqdq, avx512_vaes, avx512_vnni, clflush, clflushopt, clwb, avx512_vbmi2, avx512_vbmi, hv, rdtscp, rdpid, fsrm, gfni, avx512_bitalg, f16c, cet_ss, avx512_ifma
Processor Information for the first 32 processors :
  Max Mhz: 2401, Current Mhz: 2401, Mhz Limit: 2401

Memory: 4k page, system-wide physical 15577M (3664M free)
TotalPageFile size 23577M (AvailPageFile size 158M)
current process WorkingSet (physical memory assigned to process): 221M, peak: 221M
current process commit charge ("private bytes"): 296M, peak: 547M

vm_info: Java HotSpot(TM) 64-Bit Server VM (26+35-2893) for windows-amd64 JRE (26+35-2893), built on 2026-02-12T17:04:02Z with MS VC++ 17.13 (VS2022)

END.
